<?xml version="1.0" encoding="UTF-8"?>
<!-- Generated by org.testng.reporters.JUnitXMLReporter -->
<testsuite hostname="Govardhan-PC" name="Default test" tests="2" failures="1" timestamp="4 Jul 2019 16:10:39 GMT" time="82.35" errors="0">
  <testcase name="runScenario" time="46.396" classname="tests.Cucumber.TestNGrunner"/>
  <testcase name="runScenario" time="34.049" classname="tests.Cucumber.TestNGrunner">
    <failure type="java.lang.NullPointerException">
      <![CDATA[java.lang.NullPointerException
	at tests.Cucumber.StepDefinition.e(StepDefinition.java:93)
	at ✽.display the values(file:src/main/java/tests/Cucumber/Practice.feature:17)
]]>
    </failure>
  </testcase> <!-- runScenario -->
</testsuite> <!-- Default test -->
